<?xml version="1.0" ?><testsuite name="ru.byprogminer.Lab3_Web.QueryTest" time="0.509" timestamp="2020-04-22T13:57:44" tests="232" failures="0" skipped="0" aborted="0"><properties><property name="java.vendor" value="Oracle Corporation"></property><property name="sun.java.launcher" value="SUN_STANDARD"></property><property name="sun.management.compiler" value="HotSpot 64-Bit Tiered Compilers"></property><property name="libraries.compile.path" value="lib/compile"></property><property name="os.name" value="Linux"></property><property name="sun.boot.class.path" value="/usr/lib/jvm/java-8-jdk/jre/lib/resources.jar:/usr/lib/jvm/java-8-jdk/jre/lib/rt.jar:/usr/lib/jvm/java-8-jdk/jre/lib/sunrsasign.jar:/usr/lib/jvm/java-8-jdk/jre/lib/jsse.jar:/usr/lib/jvm/java-8-jdk/jre/lib/jce.jar:/usr/lib/jvm/java-8-jdk/jre/lib/charsets.jar:/usr/lib/jvm/java-8-jdk/jre/lib/jfr.jar:/usr/lib/jvm/java-8-jdk/jre/classes"></property><property name="libraries.provided.path" value="lib/provided"></property><property name="java.vm.specification.vendor" value="Oracle Corporation"></property><property name="ant.home" value="/home/progminer/.local/share/JetBrains/Toolbox/apps/IDEA-U/ch-0/201.6668.121/lib/ant"></property><property name="java.runtime.version" value="1.8.0_241-b07"></property><property name="user.name" value="progminer"></property><property name="resources.path" value="src/main/resources"></property><property name="remote.hostname" value="se.ifmo.ru"></property><property name="ant.build.javac.target" value="1.8"></property><property name="user.language" value="ru"></property><property name="sun.boot.library.path" value="/usr/lib/jvm/java-8-jdk/jre/lib/amd64"></property><property name="ant.project.default-target" value="build"></property><property name="ant.project.name" value="Lab_OPI"></property><property name="java.version" value="1.8.0_241"></property><property name="user.timezone" value=""></property><property name="sun.arch.data.model" value="64"></property><property name="java.endorsed.dirs" value="/usr/lib/jvm/java-8-jdk/jre/lib/endorsed"></property><property name="sun.cpu.isalist" value=""></property><property name="sun.jnu.encoding" value="UTF-8"></property><property name="file.encoding.pkg" value="sun.io"></property><property name="war.directory.path" value="target/Lab_OPI-3.0-SNAPSHOT_war"></property><property name="file.separator" value="/"></property><property name="java.specification.name" value="Java Platform API Specification"></property><property name="report.path" value="report"></property><property name="java.class.version" value="52.0"></property><property name="user.country" value="RU"></property><property name="java.home" value="/usr/lib/jvm/java-8-jdk/jre"></property><property name="java.vm.info" value="mixed mode"></property><property name="ant.file" value="/home/progminer/IdeaProjects/Lab3_OPI/build.xml"></property><property name="os.version" value="5.6.4-arch1-1"></property><property name="path.separator" value=":"></property><property name="libraries.test.path" value="lib/test"></property><property name="java.vm.version" value="25.241-b07"></property><property name="ant.library.dir" value="/home/progminer/.local/share/JetBrains/Toolbox/apps/IDEA-U/ch-0/201.6668.121/lib/ant/lib"></property><property name="java.awt.printerjob" value="sun.print.PSPrinterJob"></property><property name="sun.io.unicode.encoding" value="UnicodeLittle"></property><property name="awt.toolkit" value="sun.awt.X11.XToolkit"></property><property name="sources.path" value="src/main/java"></property><property name="main.class" value="ru.byprogminer.Lab3_Web.AreaRenderer"></property><property name="ant.build.javac.source" value="1.8"></property><property name="user.home" value="/home/progminer"></property><property name="java.specification.vendor" value="Oracle Corporation"></property><property name="java.library.path" value="/usr/java/packages/lib/amd64:/usr/lib64:/lib64:/lib:/usr/lib"></property><property name="java.vendor.url" value="http://java.oracle.com/"></property><property name="java.vm.vendor" value="Oracle Corporation"></property><property name="java.runtime.name" value="Java(TM) SE Runtime Environment"></property><property name="sun.java.command" value="com.intellij.rt.ant.execution.AntMain2 -logger com.intellij.rt.ant.execution.IdeaAntLogger2 -inputhandler com.intellij.rt.ant.execution.IdeaInputHandler -buildfile /home/progminer/IdeaProjects/Lab3_OPI/build.xml report"></property><property name="java.class.path" value="/home/progminer/IdeaProjects/Lab3_OPI/lib/ant/jsch-0.1.55.jar:/home/progminer/IdeaProjects/Lab3_OPI/lib/ant/ant-junitlauncher-1.10.7.jar:/home/progminer/.local/share/JetBrains/Toolbox/apps/IDEA-U/ch-0/201.6668.121/lib/ant/lib/ant-junit4.jar:/home/progminer/.local/share/JetBrains/Toolbox/apps/IDEA-U/ch-0/201.6668.121/lib/ant/lib/ant-apache-xalan2.jar:/home/progminer/.local/share/JetBrains/Toolbox/apps/IDEA-U/ch-0/201.6668.121/lib/ant/lib/ant-apache-bcel.jar:/home/progminer/.local/share/JetBrains/Toolbox/apps/IDEA-U/ch-0/201.6668.121/lib/ant/lib/ant-junitlauncher.jar:/home/progminer/.local/share/JetBrains/Toolbox/apps/IDEA-U/ch-0/201.6668.121/lib/ant/lib/ant-jai.jar:/home/progminer/.local/share/JetBrains/Toolbox/apps/IDEA-U/ch-0/201.6668.121/lib/ant/lib/ant-jmf.jar:/home/progminer/.local/share/JetBrains/Toolbox/apps/IDEA-U/ch-0/201.6668.121/lib/ant/lib/ant-apache-log4j.jar:/home/progminer/.local/share/JetBrains/Toolbox/apps/IDEA-U/ch-0/201.6668.121/lib/ant/lib/ant-testutil.jar:/home/progminer/.local/share/JetBrains/Toolbox/apps/IDEA-U/ch-0/201.6668.121/lib/ant/lib/ant-apache-regexp.jar:/home/progminer/.local/share/JetBrains/Toolbox/apps/IDEA-U/ch-0/201.6668.121/lib/ant/lib/ant-javamail.jar:/home/progminer/.local/share/JetBrains/Toolbox/apps/IDEA-U/ch-0/201.6668.121/lib/ant/lib/ant.jar:/home/progminer/.local/share/JetBrains/Toolbox/apps/IDEA-U/ch-0/201.6668.121/lib/ant/lib/ant-netrexx.jar:/home/progminer/.local/share/JetBrains/Toolbox/apps/IDEA-U/ch-0/201.6668.121/lib/ant/lib/ant-swing.jar:/home/progminer/.local/share/JetBrains/Toolbox/apps/IDEA-U/ch-0/201.6668.121/lib/ant/lib/ant-junit.jar:/home/progminer/.local/share/JetBrains/Toolbox/apps/IDEA-U/ch-0/201.6668.121/lib/ant/lib/ant-apache-oro.jar:/home/progminer/.local/share/JetBrains/Toolbox/apps/IDEA-U/ch-0/201.6668.121/lib/ant/lib/ant-xz.jar:/home/progminer/.local/share/JetBrains/Toolbox/apps/IDEA-U/ch-0/201.6668.121/lib/ant/lib/ant-apache-bsf.jar:/home/progminer/.local/share/JetBrains/Toolbox/apps/IDEA-U/ch-0/201.6668.121/lib/ant/lib/ant-antlr.jar:/home/progminer/.local/share/JetBrains/Toolbox/apps/IDEA-U/ch-0/201.6668.121/lib/ant/lib/ant-jsch.jar:/home/progminer/.local/share/JetBrains/Toolbox/apps/IDEA-U/ch-0/201.6668.121/lib/ant/lib/ant-commons-logging.jar:/home/progminer/.local/share/JetBrains/Toolbox/apps/IDEA-U/ch-0/201.6668.121/lib/ant/lib/ant-jdepend.jar:/home/progminer/.local/share/JetBrains/Toolbox/apps/IDEA-U/ch-0/201.6668.121/lib/ant/lib/ant-apache-resolver.jar:/home/progminer/.local/share/JetBrains/Toolbox/apps/IDEA-U/ch-0/201.6668.121/lib/ant/lib/ant-launcher.jar:/home/progminer/.local/share/JetBrains/Toolbox/apps/IDEA-U/ch-0/201.6668.121/lib/ant/lib/ant-commons-net.jar:/usr/lib/jvm/java-8-jdk/lib/tools.jar:/home/progminer/.local/share/JetBrains/Toolbox/apps/IDEA-U/ch-0/201.6668.121/lib/idea_rt.jar"></property><property name="ant.file.type.Lab_OPI" value="file"></property><property name="ant.version" value="Apache Ant(TM) version 1.10.5 compiled on July 10 2018"></property><property name="project.version" value="3.0-SNAPSHOT"></property><property name="web.path" value="src/main/webapp"></property><property name="java.vm.specification.name" value="Java Virtual Machine Specification"></property><property name="ant.file.type" value="file"></property><property name="java.vm.specification.version" value="1.8"></property><property name="sun.cpu.endian" value="little"></property><property name="sun.os.patch.level" value="unknown"></property><property name="java.io.tmpdir" value="/tmp"></property><property name="java.vendor.url.bug" value="http://bugreport.sun.com/bugreport/"></property><property name="os.arch" value="amd64"></property><property name="java.awt.graphicsenv" value="sun.awt.X11GraphicsEnvironment"></property><property name="java.ext.dirs" value="/usr/lib/jvm/java-8-jdk/jre/lib/ext:/usr/java/packages/lib/ext"></property><property name="user.dir" value="/home/progminer/IdeaProjects/Lab3_OPI"></property><property name="resources.test.path" value="src/test/resources"></property><property name="line.separator" value="
"></property><property name="java.vm.name" value="Java HotSpot(TM) 64-Bit Server VM"></property><property name="basedir" value="/home/progminer/IdeaProjects/Lab3_OPI"></property><property name="build.path" value="target"></property><property name="ant.java.version" value="1.8"></property><property name="ant.core.lib" value="/home/progminer/.local/share/JetBrains/Toolbox/apps/IDEA-U/ch-0/201.6668.121/lib/ant/lib/ant.jar"></property><property name="report.commit.msg" value="Update test report"></property><property name="file.encoding" value="UTF-8"></property><property name="sources.test.path" value="src/test/java"></property><property name="java.specification.version" value="1.8"></property><property name="libraries.ant.path" value="lib/ant"></property><property name="ant.project.invoked-targets" value="report"></property><property name="remote.port" value="2222"></property><property name="ant.file.Lab_OPI" value="/home/progminer/IdeaProjects/Lab3_OPI/build.xml"></property></properties><testcase classname="ru.byprogminer.Lab3_Web.QueryTest" name="testGrid(int, int)[159]" time="0.0"></testcase><testcase classname="ru.byprogminer.Lab3_Web.QueryTest" name="testGrid(int, int)[29]" time="0.001"></testcase><testcase classname="ru.byprogminer.Lab3_Web.QueryTest" name="testGrid(int, int)[191]" time="0.0"></testcase><testcase classname="ru.byprogminer.Lab3_Web.QueryTest" name="testGrid(int, int)[17]" time="0.0"></testcase><testcase classname="ru.byprogminer.Lab3_Web.QueryTest" name="testGrid(int, int)[61]" time="0.001"></testcase><testcase classname="ru.byprogminer.Lab3_Web.QueryTest" name="testGrid(int, int)[111]" time="0.0"></testcase><testcase classname="ru.byprogminer.Lab3_Web.QueryTest" name="testGrid(int, int)[220]" time="0.001"></testcase><testcase classname="ru.byprogminer.Lab3_Web.QueryTest" name="testGrid(int, int)[73]" time="0.001"></testcase><testcase classname="ru.byprogminer.Lab3_Web.QueryTest" name="testGrid(int, int)[123]" time="0.0"></testcase><testcase classname="ru.byprogminer.Lab3_Web.QueryTest" name="testGrid(int, int)[85]" time="0.001"></testcase><testcase classname="ru.byprogminer.Lab3_Web.QueryTest" name="testGrid(int, int)[135]" time="0.0"></testcase><testcase classname="ru.byprogminer.Lab3_Web.QueryTest" name="testGrid(int, int)[97]" time="0.001"></testcase><testcase classname="ru.byprogminer.Lab3_Web.QueryTest" name="testGrid(int, int)[147]" time="0.001"></testcase><testcase classname="ru.byprogminer.Lab3_Web.QueryTest" name="testGrid(int, int)[148]" time="0.001"></testcase><testcase classname="ru.byprogminer.Lab3_Web.QueryTest" name="testGrid(int, int)[180]" time="0.0"></testcase><testcase classname="ru.byprogminer.Lab3_Web.QueryTest" name="testGrid(int, int)[192]" time="0.0"></testcase><testcase classname="ru.byprogminer.Lab3_Web.QueryTest" name="testGrid(int, int)[16]" time="0.002"></testcase><testcase classname="ru.byprogminer.Lab3_Web.QueryTest" name="testGrid(int, int)[28]" time="0.001"></testcase><testcase classname="ru.byprogminer.Lab3_Web.QueryTest" name="testGrid(int, int)[100]" time="0.0"></testcase><testcase classname="ru.byprogminer.Lab3_Web.QueryTest" name="testGrid(int, int)[72]" time="0.0"></testcase><testcase classname="ru.byprogminer.Lab3_Web.QueryTest" name="testGrid(int, int)[84]" time="0.0"></testcase><testcase classname="ru.byprogminer.Lab3_Web.QueryTest" name="testGrid(int, int)[112]" time="0.001"></testcase><testcase classname="ru.byprogminer.Lab3_Web.QueryTest" name="testGrid(int, int)[96]" time="0.0"></testcase><testcase classname="ru.byprogminer.Lab3_Web.QueryTest" name="testGrid(int, int)[124]" time="0.001"></testcase><testcase classname="ru.byprogminer.Lab3_Web.QueryTest" name="testGrid(int, int)[136]" time="0.0"></testcase><testcase classname="ru.byprogminer.Lab3_Web.QueryTest" name="testGrid(int, int)[60]" time="0.001"></testcase><testcase classname="ru.byprogminer.Lab3_Web.QueryTest" name="testGrid(int, int)[221]" time="0.001"></testcase><testcase classname="ru.byprogminer.Lab3_Web.QueryTest" name="testGrid(int, int)[19]" time="0.001"></testcase><testcase classname="ru.byprogminer.Lab3_Web.QueryTest" name="testGrid(int, int)[87]" time="0.001"></testcase><testcase classname="ru.byprogminer.Lab3_Web.QueryTest" name="testGrid(int, int)[99]" time="0.001"></testcase><testcase classname="ru.byprogminer.Lab3_Web.QueryTest" name="testGrid(int, int)[133]" time="0.0"></testcase><testcase classname="ru.byprogminer.Lab3_Web.QueryTest" name="testGrid(int, int)[51]" time="0.0"></testcase><testcase classname="ru.byprogminer.Lab3_Web.QueryTest" name="testGrid(int, int)[145]" time="0.001"></testcase><testcase classname="ru.byprogminer.Lab3_Web.QueryTest" name="testGrid(int, int)[230]" time="0.013"></testcase><testcase classname="ru.byprogminer.Lab3_Web.QueryTest" name="testGrid(int, int)[63]" time="0.001"></testcase><testcase classname="ru.byprogminer.Lab3_Web.QueryTest" name="testGrid(int, int)[157]" time="0.0"></testcase><testcase classname="ru.byprogminer.Lab3_Web.QueryTest" name="testGrid(int, int)[75]" time="0.0"></testcase><testcase classname="ru.byprogminer.Lab3_Web.QueryTest" name="testGrid(int, int)[169]" time="0.001"></testcase><testcase classname="ru.byprogminer.Lab3_Web.QueryTest" name="testGrid(int, int)[121]" time="0.001"></testcase><testcase classname="ru.byprogminer.Lab3_Web.QueryTest" name="testGrid(int, int)[18]" time="0.001"></testcase><testcase classname="ru.byprogminer.Lab3_Web.QueryTest" name="testGrid(int, int)[98]" time="0.001"></testcase><testcase classname="ru.byprogminer.Lab3_Web.QueryTest" name="testGrid(int, int)[190]" time="0.0"></testcase><testcase classname="ru.byprogminer.Lab3_Web.QueryTest" name="testGrid(int, int)[50]" time="0.001"></testcase><testcase classname="ru.byprogminer.Lab3_Web.QueryTest" name="testGrid(int, int)[122]" time="0.0"></testcase><testcase classname="ru.byprogminer.Lab3_Web.QueryTest" name="testGrid(int, int)[231]" time="0.0"></testcase><testcase classname="ru.byprogminer.Lab3_Web.QueryTest" name="testGrid(int, int)[62]" time="0.0"></testcase><testcase classname="ru.byprogminer.Lab3_Web.QueryTest" name="testGrid(int, int)[134]" time="0.0"></testcase><testcase classname="ru.byprogminer.Lab3_Web.QueryTest" name="testGrid(int, int)[74]" time="0.001"></testcase><testcase classname="ru.byprogminer.Lab3_Web.QueryTest" name="testGrid(int, int)[146]" time="0.001"></testcase><testcase classname="ru.byprogminer.Lab3_Web.QueryTest" name="testGrid(int, int)[86]" time="0.0"></testcase><testcase classname="ru.byprogminer.Lab3_Web.QueryTest" name="testGrid(int, int)[158]" time="0.0"></testcase><testcase classname="ru.byprogminer.Lab3_Web.QueryTest" name="testGrid(int, int)[110]" time="0.0"></testcase><testcase classname="ru.byprogminer.Lab3_Web.QueryTest" name="testGrid(int, int)[115]" time="0.0"></testcase><testcase classname="ru.byprogminer.Lab3_Web.QueryTest" name="testGrid(int, int)[127]" time="0.001"></testcase><testcase classname="ru.byprogminer.Lab3_Web.QueryTest" name="testGrid(int, int)[139]" time="0.001"></testcase><testcase classname="ru.byprogminer.Lab3_Web.QueryTest" name="testGrid(int, int)[171]" time="0.0"></testcase><testcase classname="ru.byprogminer.Lab3_Web.QueryTest" name="testGrid(int, int)[183]" time="0.0"></testcase><testcase classname="ru.byprogminer.Lab3_Web.QueryTest" name="testGrid(int, int)[65]" time="0.0"></testcase><testcase classname="ru.byprogminer.Lab3_Web.QueryTest" name="testGrid(int, int)[77]" time="0.0"></testcase><testcase classname="ru.byprogminer.Lab3_Web.QueryTest" name="testGrid(int, int)[89]" time="0.0"></testcase><testcase classname="ru.byprogminer.Lab3_Web.QueryTest" name="testGrid(int, int)[41]" time="0.001"></testcase><testcase classname="ru.byprogminer.Lab3_Web.QueryTest" name="testGrid(int, int)[53]" time="0.001"></testcase><testcase classname="ru.byprogminer.Lab3_Web.QueryTest" name="testGrid(int, int)[103]" time="0.0"></testcase><testcase classname="ru.byprogminer.Lab3_Web.QueryTest" name="testGrid(int, int)[195]" time="0.0"></testcase><testcase classname="ru.byprogminer.Lab3_Web.QueryTest" name="testGrid(int, int)[224]" time="0.0"></testcase><testcase classname="ru.byprogminer.Lab3_Web.QueryTest" name="testGrid(int, int)[212]" time="0.001"></testcase><testcase classname="ru.byprogminer.Lab3_Web.QueryTest" name="testGrid(int, int)[200]" time="0.001"></testcase><testcase classname="ru.byprogminer.Lab3_Web.QueryTest" name="testGrid(int, int)[1]" time="0.029"></testcase><testcase classname="ru.byprogminer.Lab3_Web.QueryTest" name="testGrid(int, int)[225]" time="0.0"></testcase><testcase classname="ru.byprogminer.Lab3_Web.QueryTest" name="testGrid(int, int)[104]" time="0.0"></testcase><testcase classname="ru.byprogminer.Lab3_Web.QueryTest" name="testGrid(int, int)[116]" time="0.0"></testcase><testcase classname="ru.byprogminer.Lab3_Web.QueryTest" name="testGrid(int, int)[128]" time="0.001"></testcase><testcase classname="ru.byprogminer.Lab3_Web.QueryTest" name="testGrid(int, int)[160]" time="0.001"></testcase><testcase classname="ru.byprogminer.Lab3_Web.QueryTest" name="testGrid(int, int)[172]" time="0.0"></testcase><testcase classname="ru.byprogminer.Lab3_Web.QueryTest" name="testGrid(int, int)[76]" time="0.001"></testcase><testcase classname="ru.byprogminer.Lab3_Web.QueryTest" name="testGrid(int, int)[88]" time="0.001"></testcase><testcase classname="ru.byprogminer.Lab3_Web.QueryTest" name="testGrid(int, int)[40]" time="0.0"></testcase><testcase classname="ru.byprogminer.Lab3_Web.QueryTest" name="testGrid(int, int)[52]" time="0.001"></testcase><testcase classname="ru.byprogminer.Lab3_Web.QueryTest" name="testGrid(int, int)[64]" time="0.001"></testcase><testcase classname="ru.byprogminer.Lab3_Web.QueryTest" name="testGrid(int, int)[184]" time="0.0"></testcase><testcase classname="ru.byprogminer.Lab3_Web.QueryTest" name="testGrid(int, int)[213]" time="0.001"></testcase><testcase classname="ru.byprogminer.Lab3_Web.QueryTest" name="testGrid(int, int)[196]" time="0.0"></testcase><testcase classname="ru.byprogminer.Lab3_Web.QueryTest" name="testGrid(int, int)[201]" time="0.001"></testcase><testcase classname="ru.byprogminer.Lab3_Web.QueryTest" name="testGrid(int, int)[137]" time="0.001"></testcase><testcase classname="ru.byprogminer.Lab3_Web.QueryTest" name="testGrid(int, int)[149]" time="0.0"></testcase><testcase classname="ru.byprogminer.Lab3_Web.QueryTest" name="testGrid(int, int)[181]" time="0.0"></testcase><testcase classname="ru.byprogminer.Lab3_Web.QueryTest" name="testGrid(int, int)[193]" time="0.0"></testcase><testcase classname="ru.byprogminer.Lab3_Web.QueryTest" name="testGrid(int, int)[43]" time="0.001"></testcase><testcase classname="ru.byprogminer.Lab3_Web.QueryTest" name="testGrid(int, int)[55]" time="0.0"></testcase><testcase classname="ru.byprogminer.Lab3_Web.QueryTest" name="testGrid(int, int)[67]" time="0.001"></testcase><testcase classname="ru.byprogminer.Lab3_Web.QueryTest" name="testGrid(int, int)[79]" time="0.0"></testcase><testcase classname="ru.byprogminer.Lab3_Web.QueryTest" name="testGrid(int, int)[101]" time="0.0"></testcase><testcase classname="ru.byprogminer.Lab3_Web.QueryTest" name="testGrid(int, int)[113]" time="0.001"></testcase><testcase classname="ru.byprogminer.Lab3_Web.QueryTest" name="testGrid(int, int)[31]" time="0.001"></testcase><testcase classname="ru.byprogminer.Lab3_Web.QueryTest" name="testGrid(int, int)[125]" time="0.001"></testcase><testcase classname="ru.byprogminer.Lab3_Web.QueryTest" name="testGrid(int, int)[222]" time="0.0"></testcase><testcase classname="ru.byprogminer.Lab3_Web.QueryTest" name="testGrid(int, int)[210]" time="0.0"></testcase><testcase classname="ru.byprogminer.Lab3_Web.QueryTest" name="testGrid(int, int)[126]" time="0.0"></testcase><testcase classname="ru.byprogminer.Lab3_Web.QueryTest" name="testGrid(int, int)[138]" time="0.001"></testcase><testcase classname="ru.byprogminer.Lab3_Web.QueryTest" name="testGrid(int, int)[170]" time="0.001"></testcase><testcase classname="ru.byprogminer.Lab3_Web.QueryTest" name="testGrid(int, int)[182]" time="0.0"></testcase><testcase classname="ru.byprogminer.Lab3_Web.QueryTest" name="testGrid(int, int)[194]" time="0.0"></testcase><testcase classname="ru.byprogminer.Lab3_Web.QueryTest" name="testGrid(int, int)[54]" time="0.001"></testcase><testcase classname="ru.byprogminer.Lab3_Web.QueryTest" name="testGrid(int, int)[66]" time="0.001"></testcase><testcase classname="ru.byprogminer.Lab3_Web.QueryTest" name="testGrid(int, int)[78]" time="0.001"></testcase><testcase classname="ru.byprogminer.Lab3_Web.QueryTest" name="testGrid(int, int)[30]" time="0.001"></testcase><testcase classname="ru.byprogminer.Lab3_Web.QueryTest" name="testGrid(int, int)[102]" time="0.001"></testcase><testcase classname="ru.byprogminer.Lab3_Web.QueryTest" name="testGrid(int, int)[42]" time="0.001"></testcase><testcase classname="ru.byprogminer.Lab3_Web.QueryTest" name="testGrid(int, int)[114]" time="0.0"></testcase><testcase classname="ru.byprogminer.Lab3_Web.QueryTest" name="testWhenRZero_thenResultFalse()" time="0.044"></testcase><testcase classname="ru.byprogminer.Lab3_Web.QueryTest" name="testGrid(int, int)[223]" time="0.0"></testcase><testcase classname="ru.byprogminer.Lab3_Web.QueryTest" name="testGrid(int, int)[211]" time="0.001"></testcase><testcase classname="ru.byprogminer.Lab3_Web.QueryTest" name="testGrid(int, int)[119]" time="0.001"></testcase><testcase classname="ru.byprogminer.Lab3_Web.QueryTest" name="testGrid(int, int)[228]" time="0.0"></testcase><testcase classname="ru.byprogminer.Lab3_Web.QueryTest" name="testGrid(int, int)[216]" time="0.0"></testcase><testcase classname="ru.byprogminer.Lab3_Web.QueryTest" name="testGrid(int, int)[204]" time="0.001"></testcase><testcase classname="ru.byprogminer.Lab3_Web.QueryTest" name="testGrid(int, int)[5]" time="0.001"></testcase><testcase classname="ru.byprogminer.Lab3_Web.QueryTest" name="testGrid(int, int)[107]" time="0.001"></testcase><testcase classname="ru.byprogminer.Lab3_Web.QueryTest" name="testGrid(int, int)[69]" time="0.001"></testcase><testcase classname="ru.byprogminer.Lab3_Web.QueryTest" name="testGrid(int, int)[21]" time="0.001"></testcase><testcase classname="ru.byprogminer.Lab3_Web.QueryTest" name="testGrid(int, int)[33]" time="0.0"></testcase><testcase classname="ru.byprogminer.Lab3_Web.QueryTest" name="testGrid(int, int)[45]" time="0.001"></testcase><testcase classname="ru.byprogminer.Lab3_Web.QueryTest" name="testGrid(int, int)[57]" time="0.0"></testcase><testcase classname="ru.byprogminer.Lab3_Web.QueryTest" name="testGrid(int, int)[199]" time="0.001"></testcase><testcase classname="ru.byprogminer.Lab3_Web.QueryTest" name="testGrid(int, int)[151]" time="0.001"></testcase><testcase classname="ru.byprogminer.Lab3_Web.QueryTest" name="testGrid(int, int)[163]" time="0.001"></testcase><testcase classname="ru.byprogminer.Lab3_Web.QueryTest" name="testGrid(int, int)[175]" time="0.001"></testcase><testcase classname="ru.byprogminer.Lab3_Web.QueryTest" name="testGrid(int, int)[187]" time="0.001"></testcase><testcase classname="ru.byprogminer.Lab3_Web.QueryTest" name="testGrid(int, int)[108]" time="0.0"></testcase><testcase classname="ru.byprogminer.Lab3_Web.QueryTest" name="testGrid(int, int)[217]" time="0.0"></testcase><testcase classname="ru.byprogminer.Lab3_Web.QueryTest" name="testGrid(int, int)[205]" time="0.0"></testcase><testcase classname="ru.byprogminer.Lab3_Web.QueryTest" name="testGrid(int, int)[229]" time="0.0"></testcase><testcase classname="ru.byprogminer.Lab3_Web.QueryTest" name="testGrid(int, int)[32]" time="0.001"></testcase><testcase classname="ru.byprogminer.Lab3_Web.QueryTest" name="testGrid(int, int)[44]" time="0.001"></testcase><testcase classname="ru.byprogminer.Lab3_Web.QueryTest" name="testGrid(int, int)[56]" time="0.001"></testcase><testcase classname="ru.byprogminer.Lab3_Web.QueryTest" name="testGrid(int, int)[68]" time="0.001"></testcase><testcase classname="ru.byprogminer.Lab3_Web.QueryTest" name="testGrid(int, int)[188]" time="0.001"></testcase><testcase classname="ru.byprogminer.Lab3_Web.QueryTest" name="testGrid(int, int)[20]" time="0.001"></testcase><testcase classname="ru.byprogminer.Lab3_Web.QueryTest" name="testGrid(int, int)[4]" time="0.001"></testcase><testcase classname="ru.byprogminer.Lab3_Web.QueryTest" name="testGrid(int, int)[140]" time="0.001"></testcase><testcase classname="ru.byprogminer.Lab3_Web.QueryTest" name="testGrid(int, int)[152]" time="0.001"></testcase><testcase classname="ru.byprogminer.Lab3_Web.QueryTest" name="testGrid(int, int)[164]" time="0.001"></testcase><testcase classname="ru.byprogminer.Lab3_Web.QueryTest" name="testGrid(int, int)[176]" time="0.001"></testcase><testcase classname="ru.byprogminer.Lab3_Web.QueryTest" name="testGrid(int, int)[226]" time="0.0"></testcase><testcase classname="ru.byprogminer.Lab3_Web.QueryTest" name="testGrid(int, int)[214]" time="0.0"></testcase><testcase classname="ru.byprogminer.Lab3_Web.QueryTest" name="testGrid(int, int)[105]" time="0.001"></testcase><testcase classname="ru.byprogminer.Lab3_Web.QueryTest" name="testGrid(int, int)[117]" time="0.0"></testcase><testcase classname="ru.byprogminer.Lab3_Web.QueryTest" name="testGrid(int, int)[129]" time="0.0"></testcase><testcase classname="ru.byprogminer.Lab3_Web.QueryTest" name="testGrid(int, int)[47]" time="0.001"></testcase><testcase classname="ru.byprogminer.Lab3_Web.QueryTest" name="testGrid(int, int)[59]" time="0.0"></testcase><testcase classname="ru.byprogminer.Lab3_Web.QueryTest" name="testGrid(int, int)[161]" time="0.001"></testcase><testcase classname="ru.byprogminer.Lab3_Web.QueryTest" name="testGrid(int, int)[11]" time="0.001"></testcase><testcase classname="ru.byprogminer.Lab3_Web.QueryTest" name="testGrid(int, int)[23]" time="0.001"></testcase><testcase classname="ru.byprogminer.Lab3_Web.QueryTest" name="testGrid(int, int)[35]" time="0.001"></testcase><testcase classname="ru.byprogminer.Lab3_Web.QueryTest" name="testGrid(int, int)[173]" time="0.001"></testcase><testcase classname="ru.byprogminer.Lab3_Web.QueryTest" name="testGrid(int, int)[202]" time="0.001"></testcase><testcase classname="ru.byprogminer.Lab3_Web.QueryTest" name="testGrid(int, int)[3]" time="0.001"></testcase><testcase classname="ru.byprogminer.Lab3_Web.QueryTest" name="testGrid(int, int)[91]" time="0.001"></testcase><testcase classname="ru.byprogminer.Lab3_Web.QueryTest" name="testGrid(int, int)[185]" time="0.001"></testcase><testcase classname="ru.byprogminer.Lab3_Web.QueryTest" name="testGrid(int, int)[197]" time="0.0"></testcase><testcase classname="ru.byprogminer.Lab3_Web.QueryTest" name="testGrid(int, int)[227]" time="0.0"></testcase><testcase classname="ru.byprogminer.Lab3_Web.QueryTest" name="testGrid(int, int)[215]" time="0.0"></testcase><testcase classname="ru.byprogminer.Lab3_Web.QueryTest" name="testGrid(int, int)[203]" time="0.001"></testcase><testcase classname="ru.byprogminer.Lab3_Web.QueryTest" name="testGrid(int, int)[106]" time="0.001"></testcase><testcase classname="ru.byprogminer.Lab3_Web.QueryTest" name="testGrid(int, int)[118]" time="0.001"></testcase><testcase classname="ru.byprogminer.Lab3_Web.QueryTest" name="testGrid(int, int)[58]" time="0.001"></testcase><testcase classname="ru.byprogminer.Lab3_Web.QueryTest" name="testGrid(int, int)[150]" time="0.0"></testcase><testcase classname="ru.byprogminer.Lab3_Web.QueryTest" name="testGrid(int, int)[10]" time="0.001"></testcase><testcase classname="ru.byprogminer.Lab3_Web.QueryTest" name="testGrid(int, int)[22]" time="0.001"></testcase><testcase classname="ru.byprogminer.Lab3_Web.QueryTest" name="testGrid(int, int)[34]" time="0.001"></testcase><testcase classname="ru.byprogminer.Lab3_Web.QueryTest" name="testGrid(int, int)[46]" time="0.0"></testcase><testcase classname="ru.byprogminer.Lab3_Web.QueryTest" name="testGrid(int, int)[90]" time="0.001"></testcase><testcase classname="ru.byprogminer.Lab3_Web.QueryTest" name="testGrid(int, int)[162]" time="0.001"></testcase><testcase classname="ru.byprogminer.Lab3_Web.QueryTest" name="testGrid(int, int)[174]" time="0.001"></testcase><testcase classname="ru.byprogminer.Lab3_Web.QueryTest" name="testGrid(int, int)[2]" time="0.001"></testcase><testcase classname="ru.byprogminer.Lab3_Web.QueryTest" name="testGrid(int, int)[186]" time="0.001"></testcase><testcase classname="ru.byprogminer.Lab3_Web.QueryTest" name="testGrid(int, int)[198]" time="0.001"></testcase><testcase classname="ru.byprogminer.Lab3_Web.QueryTest" name="testGrid(int, int)[208]" time="0.0"></testcase><testcase classname="ru.byprogminer.Lab3_Web.QueryTest" name="testGrid(int, int)[9]" time="0.002"></testcase><testcase classname="ru.byprogminer.Lab3_Web.QueryTest" name="testGrid(int, int)[25]" time="0.001"></testcase><testcase classname="ru.byprogminer.Lab3_Web.QueryTest" name="testGrid(int, int)[37]" time="0.001"></testcase><testcase classname="ru.byprogminer.Lab3_Web.QueryTest" name="testGrid(int, int)[49]" time="0.001"></testcase><testcase classname="ru.byprogminer.Lab3_Web.QueryTest" name="testGrid(int, int)[13]" time="0.002"></testcase><testcase classname="ru.byprogminer.Lab3_Web.QueryTest" name="testGrid(int, int)[155]" time="0.0"></testcase><testcase classname="ru.byprogminer.Lab3_Web.QueryTest" name="testGrid(int, int)[167]" time="0.001"></testcase><testcase classname="ru.byprogminer.Lab3_Web.QueryTest" name="testGrid(int, int)[179]" time="0.0"></testcase><testcase classname="ru.byprogminer.Lab3_Web.QueryTest" name="testGrid(int, int)[81]" time="0.0"></testcase><testcase classname="ru.byprogminer.Lab3_Web.QueryTest" name="testGrid(int, int)[131]" time="0.0"></testcase><testcase classname="ru.byprogminer.Lab3_Web.QueryTest" name="testGrid(int, int)[93]" time="0.001"></testcase><testcase classname="ru.byprogminer.Lab3_Web.QueryTest" name="testGrid(int, int)[143]" time="0.001"></testcase><testcase classname="ru.byprogminer.Lab3_Web.QueryTest" name="testGrid(int, int)[8]" time="0.002"></testcase><testcase classname="ru.byprogminer.Lab3_Web.QueryTest" name="testGrid(int, int)[209]" time="0.0"></testcase><testcase classname="ru.byprogminer.Lab3_Web.QueryTest" name="testGrid(int, int)[36]" time="0.0"></testcase><testcase classname="ru.byprogminer.Lab3_Web.QueryTest" name="testGrid(int, int)[48]" time="0.0"></testcase><testcase classname="ru.byprogminer.Lab3_Web.QueryTest" name="testGrid(int, int)[12]" time="0.001"></testcase><testcase classname="ru.byprogminer.Lab3_Web.QueryTest" name="testGrid(int, int)[24]" time="0.001"></testcase><testcase classname="ru.byprogminer.Lab3_Web.QueryTest" name="testGrid(int, int)[144]" time="0.001"></testcase><testcase classname="ru.byprogminer.Lab3_Web.QueryTest" name="testGrid(int, int)[156]" time="0.0"></testcase><testcase classname="ru.byprogminer.Lab3_Web.QueryTest" name="testGrid(int, int)[168]" time="0.001"></testcase><testcase classname="ru.byprogminer.Lab3_Web.QueryTest" name="testGrid(int, int)[80]" time="0.001"></testcase><testcase classname="ru.byprogminer.Lab3_Web.QueryTest" name="testGrid(int, int)[92]" time="0.0"></testcase><testcase classname="ru.byprogminer.Lab3_Web.QueryTest" name="testGrid(int, int)[120]" time="0.001"></testcase><testcase classname="ru.byprogminer.Lab3_Web.QueryTest" name="testGrid(int, int)[132]" time="0.0"></testcase><testcase classname="ru.byprogminer.Lab3_Web.QueryTest" name="testGrid(int, int)[206]" time="0.0"></testcase><testcase classname="ru.byprogminer.Lab3_Web.QueryTest" name="testGrid(int, int)[7]" time="0.002"></testcase><testcase classname="ru.byprogminer.Lab3_Web.QueryTest" name="testGrid(int, int)[109]" time="0.001"></testcase><testcase classname="ru.byprogminer.Lab3_Web.QueryTest" name="testGrid(int, int)[218]" time="0.001"></testcase><testcase classname="ru.byprogminer.Lab3_Web.QueryTest" name="testGrid(int, int)[15]" time="0.001"></testcase><testcase classname="ru.byprogminer.Lab3_Web.QueryTest" name="testGrid(int, int)[27]" time="0.001"></testcase><testcase classname="ru.byprogminer.Lab3_Web.QueryTest" name="testGrid(int, int)[39]" time="0.001"></testcase><testcase classname="ru.byprogminer.Lab3_Web.QueryTest" name="testGrid(int, int)[83]" time="0.001"></testcase><testcase classname="ru.byprogminer.Lab3_Web.QueryTest" name="testGrid(int, int)[177]" time="0.001"></testcase><testcase classname="ru.byprogminer.Lab3_Web.QueryTest" name="testGrid(int, int)[95]" time="0.0"></testcase><testcase classname="ru.byprogminer.Lab3_Web.QueryTest" name="testGrid(int, int)[189]" time="0.0"></testcase><testcase classname="ru.byprogminer.Lab3_Web.QueryTest" name="testGrid(int, int)[141]" time="0.001"></testcase><testcase classname="ru.byprogminer.Lab3_Web.QueryTest" name="testGrid(int, int)[153]" time="0.001"></testcase><testcase classname="ru.byprogminer.Lab3_Web.QueryTest" name="testGrid(int, int)[71]" time="0.0"></testcase><testcase classname="ru.byprogminer.Lab3_Web.QueryTest" name="testGrid(int, int)[165]" time="0.001"></testcase><testcase classname="ru.byprogminer.Lab3_Web.QueryTest" name="testGrid(int, int)[6]" time="0.003"></testcase><testcase classname="ru.byprogminer.Lab3_Web.QueryTest" name="testGrid(int, int)[219]" time="0.001"></testcase><testcase classname="ru.byprogminer.Lab3_Web.QueryTest" name="testGrid(int, int)[207]" time="0.0"></testcase><testcase classname="ru.byprogminer.Lab3_Web.QueryTest" name="testGrid(int, int)[14]" time="0.002"></testcase><testcase classname="ru.byprogminer.Lab3_Web.QueryTest" name="testGrid(int, int)[26]" time="0.0"></testcase><testcase classname="ru.byprogminer.Lab3_Web.QueryTest" name="testGrid(int, int)[38]" time="0.0"></testcase><testcase classname="ru.byprogminer.Lab3_Web.QueryTest" name="testGrid(int, int)[94]" time="0.001"></testcase><testcase classname="ru.byprogminer.Lab3_Web.QueryTest" name="testGrid(int, int)[166]" time="0.001"></testcase><testcase classname="ru.byprogminer.Lab3_Web.QueryTest" name="testGrid(int, int)[178]" time="0.001"></testcase><testcase classname="ru.byprogminer.Lab3_Web.QueryTest" name="testGrid(int, int)[130]" time="0.0"></testcase><testcase classname="ru.byprogminer.Lab3_Web.QueryTest" name="testGrid(int, int)[70]" time="0.0"></testcase><testcase classname="ru.byprogminer.Lab3_Web.QueryTest" name="testGrid(int, int)[142]" time="0.001"></testcase><testcase classname="ru.byprogminer.Lab3_Web.QueryTest" name="testGrid(int, int)[82]" time="0.001"></testcase><testcase classname="ru.byprogminer.Lab3_Web.QueryTest" name="testGrid(int, int)[154]" time="0.001"></testcase></testsuite>