<?xml version="1.0" ?><testsuite name="ru.byprogminer.Lab3_Web.QueryTest" time="0.445" timestamp="2020-04-22T05:04:27" tests="10" failures="0" skipped="0" aborted="0"><properties><property name="java.vendor" value="Oracle Corporation"></property><property name="sun.java.launcher" value="SUN_STANDARD"></property><property name="sun.management.compiler" value="HotSpot 64-Bit Tiered Compilers"></property><property name="libraries.compile.path" value="lib/compile"></property><property name="os.name" value="Linux"></property><property name="sun.boot.class.path" value="/usr/lib/jvm/java-8-jdk/jre/lib/resources.jar:/usr/lib/jvm/java-8-jdk/jre/lib/rt.jar:/usr/lib/jvm/java-8-jdk/jre/lib/sunrsasign.jar:/usr/lib/jvm/java-8-jdk/jre/lib/jsse.jar:/usr/lib/jvm/java-8-jdk/jre/lib/jce.jar:/usr/lib/jvm/java-8-jdk/jre/lib/charsets.jar:/usr/lib/jvm/java-8-jdk/jre/lib/jfr.jar:/usr/lib/jvm/java-8-jdk/jre/classes"></property><property name="libraries.provided.path" value="lib/provided"></property><property name="java.vm.specification.vendor" value="Oracle Corporation"></property><property name="ant.home" value="/home/progminer/.local/share/JetBrains/Toolbox/apps/IDEA-U/ch-0/201.6668.121/lib/ant"></property><property name="java.runtime.version" value="1.8.0_241-b07"></property><property name="user.name" value="progminer"></property><property name="resources.path" value="src/main/resources"></property><property name="remote.hostname" value="se.ifmo.ru"></property><property name="ant.build.javac.target" value="1.8"></property><property name="user.language" value="ru"></property><property name="sun.boot.library.path" value="/usr/lib/jvm/java-8-jdk/jre/lib/amd64"></property><property name="ant.project.default-target" value="report"></property><property name="ant.project.name" value="Lab_OPI"></property><property name="java.version" value="1.8.0_241"></property><property name="user.timezone" value=""></property><property name="sun.arch.data.model" value="64"></property><property name="java.endorsed.dirs" value="/usr/lib/jvm/java-8-jdk/jre/lib/endorsed"></property><property name="sun.cpu.isalist" value=""></property><property name="sun.jnu.encoding" value="UTF-8"></property><property name="file.encoding.pkg" value="sun.io"></property><property name="war.directory.path" value="target/Lab_OPI-3.0-SNAPSHOT_war"></property><property name="file.separator" value="/"></property><property name="java.specification.name" value="Java Platform API Specification"></property><property name="report.path" value="report"></property><property name="java.class.version" value="52.0"></property><property name="user.country" value="RU"></property><property name="java.home" value="/usr/lib/jvm/java-8-jdk/jre"></property><property name="java.vm.info" value="mixed mode"></property><property name="ant.file" value="/home/progminer/IdeaProjects/Lab3_OPI/build.xml"></property><property name="os.version" value="5.6.4-arch1-1"></property><property name="path.separator" value=":"></property><property name="libraries.test.path" value="lib/test"></property><property name="java.vm.version" value="25.241-b07"></property><property name="ant.library.dir" value="/home/progminer/.local/share/JetBrains/Toolbox/apps/IDEA-U/ch-0/201.6668.121/lib/ant/lib"></property><property name="java.awt.printerjob" value="sun.print.PSPrinterJob"></property><property name="sun.io.unicode.encoding" value="UnicodeLittle"></property><property name="awt.toolkit" value="sun.awt.X11.XToolkit"></property><property name="sources.path" value="src/main/java"></property><property name="main.class" value="ru.byprogminer.Lab3_Web.AreaTest"></property><property name="ant.build.javac.source" value="1.8"></property><property name="user.home" value="/home/progminer"></property><property name="java.specification.vendor" value="Oracle Corporation"></property><property name="java.library.path" value="/usr/java/packages/lib/amd64:/usr/lib64:/lib64:/lib:/usr/lib"></property><property name="java.vendor.url" value="http://java.oracle.com/"></property><property name="java.vm.vendor" value="Oracle Corporation"></property><property name="java.runtime.name" value="Java(TM) SE Runtime Environment"></property><property name="sun.java.command" value="com.intellij.rt.ant.execution.AntMain2 -logger com.intellij.rt.ant.execution.IdeaAntLogger2 -inputhandler com.intellij.rt.ant.execution.IdeaInputHandler -buildfile /home/progminer/IdeaProjects/Lab3_OPI/build.xml report"></property><property name="java.class.path" value="/home/progminer/IdeaProjects/Lab3_OPI/lib/ant/ant-jsch-1.8.1.jar:/home/progminer/IdeaProjects/Lab3_OPI/lib/ant/jsch-0.1.55.jar:/home/progminer/IdeaProjects/Lab3_OPI/lib/ant/ant-junitlauncher-1.10.7.jar:/home/progminer/.local/share/JetBrains/Toolbox/apps/IDEA-U/ch-0/201.6668.121/lib/ant/lib/ant-junit4.jar:/home/progminer/.local/share/JetBrains/Toolbox/apps/IDEA-U/ch-0/201.6668.121/lib/ant/lib/ant-apache-xalan2.jar:/home/progminer/.local/share/JetBrains/Toolbox/apps/IDEA-U/ch-0/201.6668.121/lib/ant/lib/ant-apache-bcel.jar:/home/progminer/.local/share/JetBrains/Toolbox/apps/IDEA-U/ch-0/201.6668.121/lib/ant/lib/ant-junitlauncher.jar:/home/progminer/.local/share/JetBrains/Toolbox/apps/IDEA-U/ch-0/201.6668.121/lib/ant/lib/ant-jai.jar:/home/progminer/.local/share/JetBrains/Toolbox/apps/IDEA-U/ch-0/201.6668.121/lib/ant/lib/ant-jmf.jar:/home/progminer/.local/share/JetBrains/Toolbox/apps/IDEA-U/ch-0/201.6668.121/lib/ant/lib/ant-apache-log4j.jar:/home/progminer/.local/share/JetBrains/Toolbox/apps/IDEA-U/ch-0/201.6668.121/lib/ant/lib/ant-testutil.jar:/home/progminer/.local/share/JetBrains/Toolbox/apps/IDEA-U/ch-0/201.6668.121/lib/ant/lib/ant-apache-regexp.jar:/home/progminer/.local/share/JetBrains/Toolbox/apps/IDEA-U/ch-0/201.6668.121/lib/ant/lib/ant-javamail.jar:/home/progminer/.local/share/JetBrains/Toolbox/apps/IDEA-U/ch-0/201.6668.121/lib/ant/lib/ant.jar:/home/progminer/.local/share/JetBrains/Toolbox/apps/IDEA-U/ch-0/201.6668.121/lib/ant/lib/ant-netrexx.jar:/home/progminer/.local/share/JetBrains/Toolbox/apps/IDEA-U/ch-0/201.6668.121/lib/ant/lib/ant-swing.jar:/home/progminer/.local/share/JetBrains/Toolbox/apps/IDEA-U/ch-0/201.6668.121/lib/ant/lib/ant-junit.jar:/home/progminer/.local/share/JetBrains/Toolbox/apps/IDEA-U/ch-0/201.6668.121/lib/ant/lib/ant-apache-oro.jar:/home/progminer/.local/share/JetBrains/Toolbox/apps/IDEA-U/ch-0/201.6668.121/lib/ant/lib/ant-xz.jar:/home/progminer/.local/share/JetBrains/Toolbox/apps/IDEA-U/ch-0/201.6668.121/lib/ant/lib/ant-apache-bsf.jar:/home/progminer/.local/share/JetBrains/Toolbox/apps/IDEA-U/ch-0/201.6668.121/lib/ant/lib/ant-antlr.jar:/home/progminer/.local/share/JetBrains/Toolbox/apps/IDEA-U/ch-0/201.6668.121/lib/ant/lib/ant-jsch.jar:/home/progminer/.local/share/JetBrains/Toolbox/apps/IDEA-U/ch-0/201.6668.121/lib/ant/lib/ant-commons-logging.jar:/home/progminer/.local/share/JetBrains/Toolbox/apps/IDEA-U/ch-0/201.6668.121/lib/ant/lib/ant-jdepend.jar:/home/progminer/.local/share/JetBrains/Toolbox/apps/IDEA-U/ch-0/201.6668.121/lib/ant/lib/ant-apache-resolver.jar:/home/progminer/.local/share/JetBrains/Toolbox/apps/IDEA-U/ch-0/201.6668.121/lib/ant/lib/ant-launcher.jar:/home/progminer/.local/share/JetBrains/Toolbox/apps/IDEA-U/ch-0/201.6668.121/lib/ant/lib/ant-commons-net.jar:/usr/lib/jvm/java-8-jdk/lib/tools.jar:/home/progminer/.local/share/JetBrains/Toolbox/apps/IDEA-U/ch-0/201.6668.121/lib/idea_rt.jar"></property><property name="ant.file.type.Lab_OPI" value="file"></property><property name="ant.version" value="Apache Ant(TM) version 1.10.5 compiled on July 10 2018"></property><property name="project.version" value="3.0-SNAPSHOT"></property><property name="web.path" value="src/main/webapp"></property><property name="java.vm.specification.name" value="Java Virtual Machine Specification"></property><property name="ant.file.type" value="file"></property><property name="java.vm.specification.version" value="1.8"></property><property name="sun.cpu.endian" value="little"></property><property name="sun.os.patch.level" value="unknown"></property><property name="java.io.tmpdir" value="/tmp"></property><property name="java.vendor.url.bug" value="http://bugreport.sun.com/bugreport/"></property><property name="os.arch" value="amd64"></property><property name="java.awt.graphicsenv" value="sun.awt.X11GraphicsEnvironment"></property><property name="java.ext.dirs" value="/usr/lib/jvm/java-8-jdk/jre/lib/ext:/usr/java/packages/lib/ext"></property><property name="user.dir" value="/home/progminer/IdeaProjects/Lab3_OPI"></property><property name="resources.test.path" value="src/test/resources"></property><property name="line.separator" value="
"></property><property name="java.vm.name" value="Java HotSpot(TM) 64-Bit Server VM"></property><property name="basedir" value="/home/progminer/IdeaProjects/Lab3_OPI"></property><property name="build.path" value="target"></property><property name="ant.java.version" value="1.8"></property><property name="ant.core.lib" value="/home/progminer/.local/share/JetBrains/Toolbox/apps/IDEA-U/ch-0/201.6668.121/lib/ant/lib/ant.jar"></property><property name="file.encoding" value="UTF-8"></property><property name="sources.test.path" value="src/test/java"></property><property name="java.specification.version" value="1.8"></property><property name="libraries.ant.path" value="lib/ant"></property><property name="ant.project.invoked-targets" value="report"></property><property name="remote.port" value="2222"></property><property name="ant.file.Lab_OPI" value="/home/progminer/IdeaProjects/Lab3_OPI/build.xml"></property></properties><testcase classname="ru.byprogminer.Lab3_Web.QueryTest" name="testWidthIsDoubleR(double)[7]" time="0.001"></testcase><testcase classname="ru.byprogminer.Lab3_Web.QueryTest" name="testWidthIsDoubleR(double)[8]" time="0.002"></testcase><testcase classname="ru.byprogminer.Lab3_Web.QueryTest" name="testWidthIsDoubleR(double)[5]" time="0.002"></testcase><testcase classname="ru.byprogminer.Lab3_Web.QueryTest" name="testWidthIsDoubleR(double)[6]" time="0.002"></testcase><testcase classname="ru.byprogminer.Lab3_Web.QueryTest" name="testWidthIsDoubleR(double)[3]" time="0.002"></testcase><testcase classname="ru.byprogminer.Lab3_Web.QueryTest" name="testWidthIsDoubleR(double)[4]" time="0.002"></testcase><testcase classname="ru.byprogminer.Lab3_Web.QueryTest" name="testWidthIsDoubleR(double)[1]" time="0.058"></testcase><testcase classname="ru.byprogminer.Lab3_Web.QueryTest" name="testWidthIsDoubleR(double)[2]" time="0.003"></testcase><testcase classname="ru.byprogminer.Lab3_Web.QueryTest" name="testWhenCenterPoint_thenResultTrue()" time="0.002"></testcase><testcase classname="ru.byprogminer.Lab3_Web.QueryTest" name="testWhenRZero_thenResultFalse()" time="0.047"></testcase></testsuite>